# JRE version: OpenJDK Runtime Environment (8.0_152-b01) (build 1.8.0_152-release-1248-b01)
# Java VM: OpenJDK 64-Bit Server VM (25.152-b01 mixed mode windows-amd64 compressed oops)
Heap:
 PSYoungGen      total 126976K, used 45852K [0x00000000e0000000, 0x00000000e9d80000, 0x0000000100000000)
  eden space 109056K, 25% used [0x00000000e0000000,0x00000000e1b49208,0x00000000e6a80000)
  from space 17920K, 99% used [0x00000000e8180000,0x00000000e92fde20,0x00000000e9300000)
  to   space 23552K, 0% used [0x00000000e6a80000,0x00000000e6a80000,0x00000000e8180000)
 ParOldGen       total 99840K, used 32513K [0x00000000a0000000, 0x00000000a6180000, 0x00000000e0000000)
  object space 99840K, 32% used [0x00000000a0000000,0x00000000a1fc0740,0x00000000a6180000)
 Metaspace       used 56046K, capacity 58240K, committed 58456K, reserved 1099776K
  class space    used 7473K, capacity 8009K, committed 8064K, reserved 1048576K
GC Heap History (10 events):
Event: 9.848 GC heap before
{Heap before GC invocations=10 (full 2):
 PSYoungGen      total 82944K, used 9968K [0x00000000e0000000, 0x00000000e6280000, 0x0000000100000000)
  eden space 71168K, 0% used [0x00000000e0000000,0x00000000e0000000,0x00000000e4580000)
  from space 11776K, 84% used [0x00000000e5180000,0x00000000e5b3c350,0x00000000e5d00000)
  to   space 12288K, 0% used [0x00000000e4580000,0x00000000e4580000,0x00000000e5180000)
 ParOldGen       total 68608K, used 10182K [0x00000000a0000000, 0x00000000a4300000, 0x00000000e0000000)
  object space 68608K, 14% used [0x00000000a0000000,0x00000000a09f1b40,0x00000000a4300000)
 Metaspace       used 34809K, capacity 35412K, committed 35416K, reserved 1079296K
  class space    used 4764K, capacity 4989K, committed 4992K, reserved 1048576K
Event: 9.945 GC heap after
Heap after GC invocations=10 (full 2):
 PSYoungGen      total 82944K, used 0K [0x00000000e0000000, 0x00000000e6280000, 0x0000000100000000)
  eden space 71168K, 0% used [0x00000000e0000000,0x00000000e0000000,0x00000000e4580000)
  from space 11776K, 0% used [0x00000000e5180000,0x00000000e5180000,0x00000000e5d00000)
  to   space 12288K, 0% used [0x00000000e4580000,0x00000000e4580000,0x00000000e5180000)
 ParOldGen       total 99840K, used 16308K [0x00000000a0000000, 0x00000000a6180000, 0x00000000e0000000)
  object space 99840K, 16% used [0x00000000a0000000,0x00000000a0fed320,0x00000000a6180000)
 Metaspace       used 34809K, capacity 35412K, committed 35416K, reserved 1079296K
  class space    used 4764K, capacity 4989K, committed 4992K, reserved 1048576K
}
Event: 11.857 GC heap before
{Heap before GC invocations=11 (full 2):
 PSYoungGen      total 82944K, used 71168K [0x00000000e0000000, 0x00000000e6280000, 0x0000000100000000)
  eden space 71168K, 100% used [0x00000000e0000000,0x00000000e4580000,0x00000000e4580000)
  from space 11776K, 0% used [0x00000000e5180000,0x00000000e5180000,0x00000000e5d00000)
  to   space 12288K, 0% used [0x00000000e4580000,0x00000000e4580000,0x00000000e5180000)
 ParOldGen       total 99840K, used 16308K [0x00000000a0000000, 0x00000000a6180000, 0x00000000e0000000)
  object space 99840K, 16% used [0x00000000a0000000,0x00000000a0fed320,0x00000000a6180000)
 Metaspace       used 38288K, capacity 38886K, committed 39128K, reserved 1083392K
  class space    used 5163K, capacity 5364K, committed 5376K, reserved 1048576K
Event: 11.870 GC heap after
Heap after GC invocations=11 (full 2):
 PSYoungGen      total 83456K, used 7090K [0x00000000e0000000, 0x00000000e7080000, 0x0000000100000000)
  eden space 71168K, 0% used [0x00000000e0000000,0x00000000e0000000,0x00000000e4580000)
  from space 12288K, 57% used [0x00000000e4580000,0x00000000e4c6cac8,0x00000000e5180000)
  to   space 11776K, 0% used [0x00000000e6500000,0x00000000e6500000,0x00000000e7080000)
 ParOldGen       total 99840K, used 16316K [0x00000000a0000000, 0x00000000a6180000, 0x00000000e0000000)
  object space 99840K, 16% used [0x00000000a0000000,0x00000000a0fef320,0x00000000a6180000)
 Metaspace       used 38288K, capacity 38886K, committed 39128K, reserved 1083392K
  class space    used 5163K, capacity 5364K, committed 5376K, reserved 1048576K
}
Event: 13.946 GC heap before
{Heap before GC invocations=12 (full 2):
 PSYoungGen      total 83456K, used 78258K [0x00000000e0000000, 0x00000000e7080000, 0x0000000100000000)
  eden space 71168K, 100% used [0x00000000e0000000,0x00000000e4580000,0x00000000e4580000)
  from space 12288K, 57% used [0x00000000e4580000,0x00000000e4c6cac8,0x00000000e5180000)
  to   space 11776K, 0% used [0x00000000e6500000,0x00000000e6500000,0x00000000e7080000)
 ParOldGen       total 99840K, used 16316K [0x00000000a0000000, 0x00000000a6180000, 0x00000000e0000000)
  object space 99840K, 16% used [0x00000000a0000000,0x00000000a0fef320,0x00000000a6180000)
 Metaspace       used 41665K, capacity 42766K, committed 42968K, reserved 1085440K
  class space    used 5730K, capacity 6080K, committed 6144K, reserved 1048576K
Event: 13.980 GC heap after
Heap after GC invocations=12 (full 2):
 PSYoungGen      total 101376K, used 11773K [0x00000000e0000000, 0x00000000e7500000, 0x0000000100000000)
  eden space 89600K, 0% used [0x00000000e0000000,0x00000000e0000000,0x00000000e5780000)
  from space 11776K, 99% used [0x00000000e6500000,0x00000000e707f470,0x00000000e7080000)
  to   space 13824K, 0% used [0x00000000e5780000,0x00000000e5780000,0x00000000e6500000)
 ParOldGen       total 99840K, used 17646K [0x00000000a0000000, 0x00000000a6180000, 0x00000000e0000000)
  object space 99840K, 17% used [0x00000000a0000000,0x00000000a113bb90,0x00000000a6180000)
 Metaspace       used 41665K, capacity 42766K, committed 42968K, reserved 1085440K
  class space    used 5730K, capacity 6080K, committed 6144K, reserved 1048576K
}
Event: 16.943 GC heap before
{Heap before GC invocations=13 (full 2):
 PSYoungGen      total 101376K, used 101373K [0x00000000e0000000, 0x00000000e7500000, 0x0000000100000000)
  eden space 89600K, 100% used [0x00000000e0000000,0x00000000e5780000,0x00000000e5780000)
  from space 11776K, 99% used [0x00000000e6500000,0x00000000e707f470,0x00000000e7080000)
  to   space 13824K, 0% used [0x00000000e5780000,0x00000000e5780000,0x00000000e6500000)
 ParOldGen       total 99840K, used 17646K [0x00000000a0000000, 0x00000000a6180000, 0x00000000e0000000)
  object space 99840K, 17% used [0x00000000a0000000,0x00000000a113bb90,0x00000000a6180000)
 Metaspace       used 50172K, capacity 51888K, committed 52184K, reserved 1093632K
  class space    used 6843K, capacity 7327K, committed 7424K, reserved 1048576K
Event: 16.980 GC heap after
Heap after GC invocations=13 (full 2):
 PSYoungGen      total 103424K, used 13823K [0x00000000e0000000, 0x00000000e9300000, 0x0000000100000000)
  eden space 89600K, 0% used [0x00000000e0000000,0x00000000e0000000,0x00000000e5780000)
  from space 13824K, 99% used [0x00000000e5780000,0x00000000e64ffe20,0x00000000e6500000)
  to   space 17920K, 0% used [0x00000000e8180000,0x00000000e8180000,0x00000000e9300000)
 ParOldGen       total 99840K, used 24136K [0x00000000a0000000, 0x00000000a6180000, 0x00000000e0000000)
  object space 99840K, 24% used [0x00000000a0000000,0x00000000a1792290,0x00000000a6180000)
 Metaspace       used 50172K, capacity 51888K, committed 52184K, reserved 1093632K
  class space    used 6843K, capacity 7327K, committed 7424K, reserved 1048576K
}
Event: 23.417 GC heap before
{Heap before GC invocations=14 (full 2):
 PSYoungGen      total 103424K, used 103423K [0x00000000e0000000, 0x00000000e9300000, 0x0000000100000000)
  eden space 89600K, 100% used [0x00000000e0000000,0x00000000e5780000,0x00000000e5780000)
  from space 13824K, 99% used [0x00000000e5780000,0x00000000e64ffe20,0x00000000e6500000)
  to   space 17920K, 0% used [0x00000000e8180000,0x00000000e8180000,0x00000000e9300000)
 ParOldGen       total 99840K, used 24136K [0x00000000a0000000, 0x00000000a6180000, 0x00000000e0000000)
  object space 99840K, 24% used [0x00000000a0000000,0x00000000a1792290,0x00000000a6180000)
 Metaspace       used 55218K, capacity 57332K, committed 57560K, reserved 1099776K
  class space    used 7335K, capacity 7822K, committed 7936K, reserved 1048576K
Event: 23.489 GC heap after
Heap after GC invocations=14 (full 2):
 PSYoungGen      total 126976K, used 17911K [0x00000000e0000000, 0x00000000e9d80000, 0x0000000100000000)
  eden space 109056K, 0% used [0x00000000e0000000,0x00000000e0000000,0x00000000e6a80000)
  from space 17920K, 99% used [0x00000000e8180000,0x00000000e92fde20,0x00000000e9300000)
  to   space 23552K, 0% used [0x00000000e6a80000,0x00000000e6a80000,0x00000000e8180000)
 ParOldGen       total 99840K, used 32513K [0x00000000a0000000, 0x00000000a6180000, 0x00000000e0000000)
  object space 99840K, 32% used [0x00000000a0000000,0x00000000a1fc0740,0x00000000a6180000)
 Metaspace       used 55218K, capacity 57332K, committed 57560K, reserved 1099776K
  class space    used 7335K, capacity 7822K, committed 7936K, reserved 1048576K
}

